[debug] [2017-11-07T03:26:43.855Z] ----------------------------------------------------------------------
[debug] [2017-11-07T03:26:43.858Z] Command:       /usr/local/bin/node /usr/local/bin/firebase serve --only hosting
[debug] [2017-11-07T03:26:43.858Z] CLI Version:   3.14.0
[debug] [2017-11-07T03:26:43.858Z] Platform:      darwin
[debug] [2017-11-07T03:26:43.858Z] Node Version:  v6.10.2
[debug] [2017-11-07T03:26:43.859Z] Time:          Tue Nov 07 2017 01:26:43 GMT-0200 (-02)
[debug] [2017-11-07T03:26:43.859Z] ----------------------------------------------------------------------
[debug] 
[debug] [2017-11-07T03:26:43.874Z] > command requires scopes: ["email","openid","https://www.googleapis.com/auth/cloudplatformprojects.readonly","https://www.googleapis.com/auth/firebase","https://www.googleapis.com/auth/cloud-platform"]
[debug] [2017-11-07T03:26:43.875Z] > authorizing via signed-in user
[debug] [2017-11-07T03:26:43.877Z] > refreshing access token with scopes: ["email","https://www.googleapis.com/auth/cloud-platform","https://www.googleapis.com/auth/cloudplatformprojects.readonly","https://www.googleapis.com/auth/firebase","openid"]
[debug] [2017-11-07T03:26:43.877Z] >>> HTTP REQUEST POST https://www.googleapis.com/oauth2/v3/token { refresh_token: '1/1czMStAdqJBphgsTSLnSUAJpTwlZgVDJYkkg73AjUPOgGFbEUOLnUVjhTGuSZFIT',
  client_id: '563584335869-fgrhgmd47bqnekij5i8b5pr03ho849e6.apps.googleusercontent.com',
  client_secret: 'j9iVZfS8kkCEFUPaAeJV0sAi',
  grant_type: 'refresh_token',
  scope: 'email https://www.googleapis.com/auth/cloud-platform https://www.googleapis.com/auth/cloudplatformprojects.readonly https://www.googleapis.com/auth/firebase openid' } 
 Tue Nov 07 2017 01:26:43 GMT-0200 (-02)
[debug] [2017-11-07T03:26:44.409Z] <<< HTTP RESPONSE 200
[debug] [2017-11-07T03:26:44.412Z] >>> HTTP REQUEST GET https://admin.firebase.com/v1/projects/cer-dev  
 Tue Nov 07 2017 01:26:44 GMT-0200 (-02)
[debug] [2017-11-07T03:26:45.555Z] <<< HTTP RESPONSE 200
[debug] [2017-11-07T03:26:45.556Z] >>> HTTP REQUEST GET https://admin.firebase.com/v1/database/cer-dev/tokens  
 Tue Nov 07 2017 01:26:45 GMT-0200 (-02)
[debug] [2017-11-07T03:26:46.555Z] <<< HTTP RESPONSE 200
[info] 
[info] === Serving from '/Users/danizord/Projects/cer'...
[info] 
[debug] [2017-11-07T03:26:46.558Z] >>> HTTP REQUEST GET https://cloudresourcemanager.googleapis.com/v1/projects/cer-dev  
 Tue Nov 07 2017 01:26:46 GMT-0200 (-02)
[debug] [2017-11-07T03:26:47.818Z] <<< HTTP RESPONSE 200
[debug] [2017-11-07T03:26:47.819Z] >>> HTTP REQUEST GET https://mobilesdk-pa.googleapis.com/v1/projects/864915052656/clients/_:getWebAppConfig  
 Tue Nov 07 2017 01:26:47 GMT-0200 (-02)
[debug] [2017-11-07T03:26:48.973Z] <<< HTTP RESPONSE 200
[info] ✔  hosting: Local server: http://localhost:5000

